<?xml version="1.0" encoding="UTF-8"?>
<!-- Generated by org.testng.reporters.JUnitReportReporter -->
<testsuite hostname="Sumanth" failures="0" tests="2" name="com.qa.tests.ProductTests" time="39.422" errors="0" timestamp="2022-12-29T19:50:09 AEDT" skipped="0">
  <testcase classname="com.qa.tests.ProductTests" name="validateProductOnProductsPage" time="10.352"/>
  <system-out/>
  <testcase classname="com.qa.tests.ProductTests" name="verifyProductDetailsPage" time="29.070"/>
  <system-out/>
</testsuite> <!-- com.qa.tests.ProductTests -->
