<?xml version="1.0" encoding="UTF-8"?>
<!-- Generated by org.testng.reporters.JUnitReportReporter -->
<testsuite hostname="Sumanth" failures="0" tests="1" name="com.qa.ApiDemosTests.GraphicsScroll" time="5.548" errors="0" timestamp="2022-12-02T14:05:26 AEDT" skipped="0">
  <testcase classname="com.qa.ApiDemosTests.GraphicsScroll" name="Graphics_Click" time="5.548"/>
  <system-out/>
</testsuite> <!-- com.qa.ApiDemosTests.GraphicsScroll -->
