<?xml version="1.0" encoding="UTF-8"?>
<!-- Generated by org.testng.reporters.JUnitReportReporter -->
<testsuite hostname="Sumanth" failures="0" tests="4" name="com.qa.tests.ProductTests" time="20.250" errors="0" timestamp="2023-01-03T14:36:30 AEDT" skipped="0">
  <testcase classname="com.qa.tests.ProductTests" name="login" time="4.646"/>
  <system-out/>
  <testcase classname="com.qa.tests.ProductTests" name="validateProductOnProductsPage" time="3.463"/>
  <system-out/>
  <testcase classname="com.qa.tests.ProductTests" name="verifyProductDetailsPage" time="8.806"/>
  <system-out/>
  <testcase classname="com.qa.tests.ProductTests" name="logOut" time="3.335"/>
  <system-out/>
</testsuite> <!-- com.qa.tests.ProductTests -->
