<?xml version="1.0" encoding="UTF-8"?>
<!-- Generated by org.testng.reporters.JUnitReportReporter -->
<testsuite hostname="Sumanth" failures="0" tests="4" name="com.qa.tests.LoginTests" time="17.614" errors="0" timestamp="2022-12-01T16:54:19 AEDT" skipped="0">
  <testcase classname="com.qa.tests.LoginTests" name="invalidUserName" time="5.763"/>
  <system-out/>
  <testcase classname="com.qa.tests.LoginTests" name="invalidPassword" time="3.104"/>
  <system-out/>
  <testcase classname="com.qa.tests.LoginTests" name="ValidCredentials" time="4.823"/>
  <system-out/>
  <testcase classname="com.qa.tests.LoginTests" name="logOut" time="3.924"/>
  <system-out/>
</testsuite> <!-- com.qa.tests.LoginTests -->
