<?xml version="1.0" encoding="UTF-8"?>
<!-- Generated by org.testng.reporters.JUnitReportReporter -->
<testsuite hostname="Sumanth" failures="0" tests="1" name="com.qa.tests.RentalQuote" time="8.527" errors="0" timestamp="2023-02-02T23:36:02 AEDT" skipped="0">
  <testcase classname="com.qa.tests.RentalQuote" name="getInstantQuote" time="8.527"/>
  <system-out/>
</testsuite> <!-- com.qa.tests.RentalQuote -->
