<?xml version="1.0" encoding="UTF-8"?>
<!-- Generated by org.testng.reporters.JUnitReportReporter -->
<testsuite hostname="Sumanth" failures="0" tests="2" name="com.qa.tests.ProductTests" time="16.609" errors="0" timestamp="2022-12-29T20:11:21 AEDT" skipped="0">
  <testcase classname="com.qa.tests.ProductTests" name="validateProductOnProductsPage" time="4.172"/>
  <system-out/>
  <testcase classname="com.qa.tests.ProductTests" name="verifyProductDetailsPage" time="12.437"/>
  <system-out/>
</testsuite> <!-- com.qa.tests.ProductTests -->
