<?xml version="1.0" encoding="UTF-8"?>
<!-- Generated by org.testng.reporters.JUnitReportReporter -->
<testsuite hostname="Sumanth" failures="0" tests="2" name="com.qa.tests.RentalQuote" time="7.963" errors="0" timestamp="2023-02-02T20:03:48 AEDT" skipped="0">
  <testcase classname="com.qa.tests.RentalQuote" name="GetInstantQuote" time="7.905"/>
  <system-out/>
  <testcase classname="com.qa.tests.RentalQuote" name="verifyRentalCoverInPolicyInformationPage" time="0.058"/>
  <system-out/>
</testsuite> <!-- com.qa.tests.RentalQuote -->
