<?xml version="1.0" encoding="UTF-8"?>
<!-- Generated by org.testng.reporters.JUnitReportReporter -->
<testsuite hostname="Sumanth" failures="0" tests="1" name="com.qa.tests.RentalQuote" time="7.928" errors="0" timestamp="2023-02-02T23:00:45 AEDT" skipped="0">
  <testcase classname="com.qa.tests.RentalQuote" name="getInstantQuote" time="7.928"/>
  <system-out/>
</testsuite> <!-- com.qa.tests.RentalQuote -->
